<?xml version="1.0" encoding="UTF-8"?>
<!-- Generated by org.testng.reporters.JUnitReportReporter -->
<testsuite hostname="shahid" failures="0" tests="1" name="Bodt.io.validationTitle" time="11.772" errors="0" timestamp="2023-12-20T15:16:15 IST" skipped="0">
  <testcase classname="Bodt.io.validationTitle" name="validateTitle" time="11.772"/>
  <system-out/>
</testsuite> <!-- Bodt.io.validationTitle -->
