<?xml version="1.0" encoding="UTF-8"?>
<!-- Generated by org.testng.reporters.JUnitReportReporter -->
<testsuite hostname="shahid" failures="0" tests="1" name="Bodt.io.verifyLoginAndSignupButton" time="17.013" errors="0" timestamp="2023-12-29T15:38:20 IST" skipped="0">
  <testcase classname="Bodt.io.verifyLoginAndSignupButton" name="buttonLogin" time="17.013"/>
  <system-out/>
</testsuite> <!-- Bodt.io.verifyLoginAndSignupButton -->
