<?xml version="1.0" encoding="UTF-8"?>
<!-- Generated by org.testng.reporters.JUnitReportReporter -->
<testsuite hostname="shahid" failures="0" tests="1" name="Bodt.io.verifiyBookAcallLInk" time="11.152" errors="0" timestamp="2024-02-07T16:02:44 IST" skipped="0">
  <testcase classname="Bodt.io.verifiyBookAcallLInk" name="verifiyLinkBookAcallLInk" time="11.152"/>
  <system-out/>
</testsuite> <!-- Bodt.io.verifiyBookAcallLInk -->
