<?xml version="1.0" encoding="UTF-8"?>
<!-- Generated by org.testng.reporters.JUnitReportReporter -->
<testsuite hostname="shahid" failures="0" tests="1" name="Bodt.io.VerifyTextBodt" time="5.544" errors="0" timestamp="2023-12-29T15:38:20 IST" skipped="0">
  <testcase classname="Bodt.io.VerifyTextBodt" name="VerifyTextVisible" time="5.544"/>
  <system-out/>
</testsuite> <!-- Bodt.io.VerifyTextBodt -->
