<?xml version="1.0" encoding="UTF-8"?>
<!-- Generated by org.testng.reporters.JUnitReportReporter -->
<testsuite hostname="shahid" failures="0" tests="1" name="Bodt.io.verifyHeaderLinks" time="27.765" errors="0" timestamp="2024-02-08T19:01:57 IST" skipped="0">
  <testcase classname="Bodt.io.verifyHeaderLinks" name="VerifyHeaderLink" time="27.765"/>
  <system-out/>
</testsuite> <!-- Bodt.io.verifyHeaderLinks -->
