<?xml version="1.0" encoding="UTF-8"?>
<!-- Generated by org.testng.reporters.JUnitReportReporter -->
<testsuite hostname="shahid" failures="0" tests="1" name="Bodt.io.validationUrl" time="9.132" errors="0" timestamp="2023-12-20T15:12:51 IST" skipped="0">
  <testcase classname="Bodt.io.validationUrl" name="ValidateTheUR" time="9.132"/>
  <system-out/>
</testsuite> <!-- Bodt.io.validationUrl -->
