<?xml version="1.0" encoding="UTF-8"?>
<!-- Generated by org.testng.reporters.JUnitReportReporter -->
<testsuite hostname="shahid" failures="0" tests="1" name="TestNG.OverlappedCheck" time="4.023" errors="0" timestamp="2023-12-20T12:18:53 IST" skipped="0">
  <testcase classname="TestNG.OverlappedCheck" name="CheckOverlped" time="4.023"/>
  <system-out/>
</testsuite> <!-- TestNG.OverlappedCheck -->
