<?xml version="1.0" encoding="UTF-8"?>
<!-- Generated by org.testng.reporters.JUnitReportReporter -->
<testsuite hostname="shahid" failures="0" tests="1" name="Bodt.io.loginButtonClick" time="19.394" errors="0" timestamp="2023-12-27T12:15:44 IST" skipped="0">
  <testcase classname="Bodt.io.loginButtonClick" name="buttonLogin" time="19.394"/>
  <system-out/>
</testsuite> <!-- Bodt.io.loginButtonClick -->
