<?xml version="1.0" encoding="UTF-8"?>
<!-- Generated by org.testng.reporters.JUnitReportReporter -->
<testsuite hostname="shahid" failures="0" tests="1" name="sparq.clickInstallbutton" time="8.172" errors="0" timestamp="2024-02-07T17:47:09 IST" skipped="0">
  <testcase classname="sparq.clickInstallbutton" name="intallButton" time="8.172"/>
  <system-out/>
</testsuite> <!-- sparq.clickInstallbutton -->
