<?xml version="1.0" encoding="UTF-8"?>
<!-- Generated by org.testng.reporters.JUnitReportReporter -->
<testsuite hostname="shahid" failures="0" tests="1" name="Bodt.io.verifyLearnMoreLinkOFConnectYourWebsite" time="11.072" errors="0" timestamp="2024-01-03T12:09:46 IST" skipped="0">
  <testcase classname="Bodt.io.verifyLearnMoreLinkOFConnectYourWebsite" name="learnMoreLink" time="11.072"/>
  <system-out/>
</testsuite> <!-- Bodt.io.verifyLearnMoreLinkOFConnectYourWebsite -->
