<?xml version="1.0" encoding="UTF-8"?>
<!-- Generated by org.testng.reporters.JUnitReportReporter -->
<testsuite hostname="shahid" failures="0" tests="1" name="trackorder.testingFUNCTION" time="7.193" errors="0" timestamp="2023-12-14T13:59:17 IST" skipped="0">
  <testcase classname="trackorder.testingFUNCTION" name="urlLoad" time="7.193"/>
  <system-out/>
</testsuite> <!-- trackorder.testingFUNCTION -->
