<?xml version="1.0" encoding="UTF-8"?>
<!-- Generated by org.testng.reporters.JUnitReportReporter -->
<testsuite hostname="shahid" failures="0" tests="1" name="AutoShop.Shopify" time="6.335" errors="0" timestamp="2024-01-11T12:48:11 IST" skipped="0">
  <testcase classname="AutoShop.Shopify" name="TestUrl" time="6.335"/>
  <system-out/>
</testsuite> <!-- AutoShop.Shopify -->
