<?xml version="1.0" encoding="UTF-8"?>
<!-- Generated by org.testng.reporters.JUnitReportReporter -->
<testsuite hostname="shahid" failures="0" tests="1" name="Bodt.io.verifiyBookAcallLInkTest" time="0.001" errors="0" timestamp="2023-12-28T10:38:47 IST" skipped="0">
  <testcase classname="Bodt.io.verifiyBookAcallLInkTest" name="f" time="0.001"/>
  <system-out/>
</testsuite> <!-- Bodt.io.verifiyBookAcallLInkTest -->
