<?xml version="1.0" encoding="UTF-8"?>
<!-- Generated by org.testng.reporters.JUnitReportReporter -->
<testsuite hostname="shahid" failures="0" tests="1" name="Bodt.io.VerifyTextBodt$verifiyBookAcallLInk" time="6.100" errors="0" timestamp="2023-12-29T11:14:32 IST" skipped="0">
  <testcase classname="Bodt.io.VerifyTextBodt$verifiyBookAcallLInk" name="verifiyLinkBookAcallLInk" time="6.100"/>
  <system-out/>
</testsuite> <!-- Bodt.io.VerifyTextBodt$verifiyBookAcallLInk -->
